2016-01-21 14:28:48,671 [Worker-4] INFO  o.e.m.c.i.l.LifecycleMappingFactory - Using org.eclipse.m2e.jdt.JarLifecycleMapping lifecycle mapping for MavenProject: com.spring.orm:SpringHibernate:0.0.1-SNAPSHOT @ C:\manh\Exercise\spring\SpringHibernate\pom.xml.
2016-01-21 14:28:50,927 [Worker-4] INFO  o.e.m.c.i.embedder.EclipseLogger - Using 'UTF-8' encoding to copy filtered resources.
2016-01-21 14:28:50,931 [Worker-4] INFO  o.e.m.c.i.embedder.EclipseLogger - Copying 3 resources
2016-01-21 14:28:50,949 [Worker-4] INFO  o.e.m.c.i.embedder.EclipseLogger - Using 'UTF-8' encoding to copy filtered resources.
2016-01-21 14:28:50,950 [Worker-4] INFO  o.e.m.c.i.embedder.EclipseLogger - Copying 0 resource
2016-01-21 14:28:51,342 [Worker-6] INFO  o.e.m.c.i.l.LifecycleMappingFactory - Using org.eclipse.m2e.jdt.JarLifecycleMapping lifecycle mapping for MavenProject: com.spring.orm:SpringHibernate:0.0.1-SNAPSHOT @ C:\manh\Exercise\spring\SpringHibernate\pom.xml.
2016-01-21 14:28:52,572 [Worker-5] INFO  o.e.m.c.i.embedder.EclipseLogger - Using 'UTF-8' encoding to copy filtered resources.
2016-01-21 14:28:52,576 [Worker-5] INFO  o.e.m.c.i.embedder.EclipseLogger - Copying 3 resources
2016-01-21 14:28:52,583 [Worker-5] INFO  o.e.m.c.i.embedder.EclipseLogger - Using 'UTF-8' encoding to copy filtered resources.
2016-01-21 14:28:52,584 [Worker-5] INFO  o.e.m.c.i.embedder.EclipseLogger - Copying 0 resource
2016-01-21 14:30:30,700 [Worker-5] INFO  o.e.m.c.i.embedder.EclipseLogger - Using 'UTF-8' encoding to copy filtered resources.
2016-01-21 14:30:30,701 [Worker-5] INFO  o.e.m.c.i.embedder.EclipseLogger - Copying 0 resource
2016-01-21 14:30:30,702 [Worker-5] INFO  o.e.m.c.i.embedder.EclipseLogger - Using 'UTF-8' encoding to copy filtered resources.
2016-01-21 14:30:30,703 [Worker-5] INFO  o.e.m.c.i.embedder.EclipseLogger - Copying 0 resource
2016-01-21 14:39:37,218 [Worker-8] INFO  o.e.m.c.i.e.AbstractTransferListenerAdapter - Downloaded http://repo.maven.apache.org/maven2/org/springframework/spring/4.2.4.RELEASE/spring-4.2.4.RELEASE.pom
2016-01-21 14:39:37,225 [Worker-8] WARN  o.e.m.c.i.embedder.EclipseLogger - The POM for org.springframework:spring:jar:4.2.4.RELEASE is missing, no dependency information available
2016-01-21 14:39:37,292 [Worker-8] INFO  o.e.m.c.i.e.AbstractTransferListenerAdapter - Downloaded http://repo.maven.apache.org/maven2/org/springframework/spring/4.2.4.RELEASE/spring-4.2.4.RELEASE.jar
2016-01-21 14:39:37,307 [Worker-8] WARN  o.e.m.c.i.embedder.EclipseLogger - The POM for org.springframework:spring:jar:4.2.4.RELEASE is missing, no dependency information available
2016-01-21 15:06:44,847 [Worker-5] INFO  o.e.m.c.i.e.AbstractTransferListenerAdapter - Downloading http://repo.maven.apache.org/maven2/org/springframework/spring-context/4.2.4.RELEASE/spring-context-4.2.4.RELEASE.pom
2016-01-21 15:06:45,471 [Worker-5] INFO  o.e.m.c.i.e.AbstractTransferListenerAdapter - Downloaded http://repo.maven.apache.org/maven2/org/springframework/spring-context/4.2.4.RELEASE/spring-context-4.2.4.RELEASE.pom
2016-01-21 15:06:45,486 [Worker-5] INFO  o.e.m.c.i.e.AbstractTransferListenerAdapter - Downloading http://repo.maven.apache.org/maven2/org/springframework/spring-aop/4.2.4.RELEASE/spring-aop-4.2.4.RELEASE.pom
2016-01-21 15:06:45,518 [Worker-5] INFO  o.e.m.c.i.e.AbstractTransferListenerAdapter - Downloaded http://repo.maven.apache.org/maven2/org/springframework/spring-aop/4.2.4.RELEASE/spring-aop-4.2.4.RELEASE.pom
2016-01-21 15:06:45,533 [Worker-5] INFO  o.e.m.c.i.e.AbstractTransferListenerAdapter - Downloading http://repo.maven.apache.org/maven2/org/springframework/spring-beans/4.2.4.RELEASE/spring-beans-4.2.4.RELEASE.pom
2016-01-21 15:06:45,564 [Worker-5] INFO  o.e.m.c.i.e.AbstractTransferListenerAdapter - Downloaded http://repo.maven.apache.org/maven2/org/springframework/spring-beans/4.2.4.RELEASE/spring-beans-4.2.4.RELEASE.pom
2016-01-21 15:06:45,580 [Worker-5] INFO  o.e.m.c.i.e.AbstractTransferListenerAdapter - Downloading http://repo.maven.apache.org/maven2/org/springframework/spring-core/4.2.4.RELEASE/spring-core-4.2.4.RELEASE.pom
2016-01-21 15:06:45,596 [Worker-5] INFO  o.e.m.c.i.e.AbstractTransferListenerAdapter - Downloaded http://repo.maven.apache.org/maven2/org/springframework/spring-core/4.2.4.RELEASE/spring-core-4.2.4.RELEASE.pom
2016-01-21 15:06:45,611 [Worker-5] INFO  o.e.m.c.i.e.AbstractTransferListenerAdapter - Downloading http://repo.maven.apache.org/maven2/commons-logging/commons-logging/1.2/commons-logging-1.2.pom
2016-01-21 15:06:45,642 [Worker-5] INFO  o.e.m.c.i.e.AbstractTransferListenerAdapter - Downloaded http://repo.maven.apache.org/maven2/commons-logging/commons-logging/1.2/commons-logging-1.2.pom
2016-01-21 15:06:45,658 [Worker-5] INFO  o.e.m.c.i.e.AbstractTransferListenerAdapter - Downloading http://repo.maven.apache.org/maven2/org/apache/commons/commons-parent/34/commons-parent-34.pom
2016-01-21 15:06:45,705 [Worker-5] INFO  o.e.m.c.i.e.AbstractTransferListenerAdapter - Downloaded http://repo.maven.apache.org/maven2/org/apache/commons/commons-parent/34/commons-parent-34.pom
2016-01-21 15:06:45,720 [Worker-5] INFO  o.e.m.c.i.e.AbstractTransferListenerAdapter - Downloading http://repo.maven.apache.org/maven2/org/springframework/spring-expression/4.2.4.RELEASE/spring-expression-4.2.4.RELEASE.pom
2016-01-21 15:06:45,752 [Worker-5] INFO  o.e.m.c.i.e.AbstractTransferListenerAdapter - Downloaded http://repo.maven.apache.org/maven2/org/springframework/spring-expression/4.2.4.RELEASE/spring-expression-4.2.4.RELEASE.pom
2016-01-21 15:06:45,783 [Worker-5] INFO  o.e.m.c.i.e.AbstractTransferListenerAdapter - Downloading http://repo.maven.apache.org/maven2/org/springframework/spring-context/4.2.4.RELEASE/spring-context-4.2.4.RELEASE.jar
2016-01-21 15:06:45,923 [Worker-5] INFO  o.e.m.c.i.e.AbstractTransferListenerAdapter - Downloaded http://repo.maven.apache.org/maven2/org/springframework/spring-context/4.2.4.RELEASE/spring-context-4.2.4.RELEASE.jar
2016-01-21 15:06:45,923 [Worker-5] INFO  o.e.m.c.i.e.AbstractTransferListenerAdapter - Downloading http://repo.maven.apache.org/maven2/org/springframework/spring-aop/4.2.4.RELEASE/spring-aop-4.2.4.RELEASE.jar
2016-01-21 15:06:45,986 [Worker-5] INFO  o.e.m.c.i.e.AbstractTransferListenerAdapter - Downloaded http://repo.maven.apache.org/maven2/org/springframework/spring-aop/4.2.4.RELEASE/spring-aop-4.2.4.RELEASE.jar
2016-01-21 15:06:45,986 [Worker-5] INFO  o.e.m.c.i.e.AbstractTransferListenerAdapter - Downloading http://repo.maven.apache.org/maven2/org/springframework/spring-beans/4.2.4.RELEASE/spring-beans-4.2.4.RELEASE.jar
2016-01-21 15:06:46,080 [Worker-5] INFO  o.e.m.c.i.e.AbstractTransferListenerAdapter - Downloaded http://repo.maven.apache.org/maven2/org/springframework/spring-beans/4.2.4.RELEASE/spring-beans-4.2.4.RELEASE.jar
2016-01-21 15:06:46,080 [Worker-5] INFO  o.e.m.c.i.e.AbstractTransferListenerAdapter - Downloading http://repo.maven.apache.org/maven2/org/springframework/spring-core/4.2.4.RELEASE/spring-core-4.2.4.RELEASE.jar
2016-01-21 15:06:46,205 [Worker-5] INFO  o.e.m.c.i.e.AbstractTransferListenerAdapter - Downloaded http://repo.maven.apache.org/maven2/org/springframework/spring-core/4.2.4.RELEASE/spring-core-4.2.4.RELEASE.jar
2016-01-21 15:06:46,205 [Worker-5] INFO  o.e.m.c.i.e.AbstractTransferListenerAdapter - Downloading http://repo.maven.apache.org/maven2/commons-logging/commons-logging/1.2/commons-logging-1.2.jar
2016-01-21 15:06:46,236 [Worker-5] INFO  o.e.m.c.i.e.AbstractTransferListenerAdapter - Downloaded http://repo.maven.apache.org/maven2/commons-logging/commons-logging/1.2/commons-logging-1.2.jar
2016-01-21 15:06:46,236 [Worker-5] INFO  o.e.m.c.i.e.AbstractTransferListenerAdapter - Downloading http://repo.maven.apache.org/maven2/org/springframework/spring-expression/4.2.4.RELEASE/spring-expression-4.2.4.RELEASE.jar
2016-01-21 15:06:46,283 [Worker-5] INFO  o.e.m.c.i.e.AbstractTransferListenerAdapter - Downloaded http://repo.maven.apache.org/maven2/org/springframework/spring-expression/4.2.4.RELEASE/spring-expression-4.2.4.RELEASE.jar
