#
# A fatal error has been detected by the Java Runtime Environment:
#
#  EXCEPTION_ACCESS_VIOLATION (0xc0000005) at pc=0x00000000649c7ce9, pid=8940, tid=8364
#
# JRE version: 7.0_25-b17
# Java VM: Java HotSpot(TM) 64-Bit Server VM (23.25-b01 mixed mode windows-amd64 compressed oops)
# Problematic frame:
# V  [jvm.dll+0x37ce9]
#
# Failed to write core dump. Minidumps are not enabled by default on client versions of Windows
#
# If you would like to submit a bug report, please visit:
#   http://bugreport.sun.com/bugreport/crash.jsp
#

---------------  T H R E A D  ---------------

Current thread (0x000000000b6cf800):  JavaThread "JDWP Transport Listener: dt_socket" daemon [_thread_in_vm, id=8364, stack(0x000000000d780000,0x000000000d880000)]

siginfo: ExceptionCode=0xc0000005, reading address 0x000000000000000c

Registers:
RAX=0x000000000000000c, RBX=0x000000000b6cf800, RCX=0x0000000000000003, RDX=0x0000000000000000
RSP=0x000000000d87f230, RBP=0x000000000000000c, RSI=0x0000000000000000, RDI=0x0000000000000010
R8 =0x00000007d5f0aa08, R9 =0x0000000000000000, R10=0x0000000000000000, R11=0x0000000000000001
R12=0x0000000000000000, R13=0x0000000000000000, R14=0x0000000000000000, R15=0x0000000000000000
RIP=0x00000000649c7ce9, EFLAGS=0x0000000000010246

Top of Stack: (sp=0x000000000d87f230)
0x000000000d87f230:   000000000b6cf800 0000000000000000
0x000000000d87f240:   0000000000000000 000000000b6cf800
0x000000000d87f250:   0000000000000000 0000000064a82e14
0x000000000d87f260:   00000007d5f0aa08 000000000d87f380
0x000000000d87f270:   000000000b6e18e8 000000000d87f350
0x000000000d87f280:   000000000b6cf800 0000000000000000
0x000000000d87f290:   000000000b6e18e8 000000000d87f380
0x000000000d87f2a0:   0000000000000000 0000000000000000
0x000000000d87f2b0:   000000000b6cf9d8 0000000053e87d15
0x000000000d87f2c0:   000000000d87f350 000000000d87f380
0x000000000d87f2d0:   000000000b6e18e8 000000000b6cf9d8
0x000000000d87f2e0:   000000000b71cb0a 0000000053e8f09c
0x000000000d87f2f0:   0000000064010a01 000000000d87f3f0
0x000000000d87f300:   000000000b6c3901 000000000b71faf0
0x000000000d87f310:   000002f800000013 0000000064010a00
0x000000000d87f320:   0000000001cdd2e0 0000000000000000 

Instructions: (pc=0x00000000649c7ce9)
0x00000000649c7cc9:   d2 48 8b c5 eb 18 48 8b d0 48 8b c5 48 d3 e2 48
0x00000000649c7cd9:   03 15 31 38 61 00 eb 06 48 8b 12 48 8b c7 48 98
0x00000000649c7ce9:   8b 14 10 85 d2 74 2a 45 84 db 4c 63 c6 48 0f 45
0x00000000649c7cf9:   fd 8d 47 0b 48 63 c8 48 83 e1 f8 48 c1 e9 03 8d 


Register to memory mapping:

RAX=0x000000000000000c is an unknown value
RBX=0x000000000b6cf800 is a thread
RCX=0x0000000000000003 is an unknown value
RDX=0x0000000000000000 is an unknown value
RSP=0x000000000d87f230 is pointing into the stack for thread: 0x000000000b6cf800
RBP=0x000000000000000c is an unknown value
RSI=0x0000000000000000 is an unknown value
RDI=0x0000000000000010 is an unknown value
R8 =0x00000007d5f0aa08 is an oop
java.lang.String 
 - klass: 'java/lang/String'
R9 =0x0000000000000000 is an unknown value
R10=0x0000000000000000 is an unknown value
R11=0x0000000000000001 is an unknown value
R12=0x0000000000000000 is an unknown value
R13=0x0000000000000000 is an unknown value
R14=0x0000000000000000 is an unknown value
R15=0x0000000000000000 is an unknown value


Stack: [0x000000000d780000,0x000000000d880000],  sp=0x000000000d87f230,  free space=1020k
Native frames: (J=compiled Java code, j=interpreted, Vv=VM code, C=native code)
V  [jvm.dll+0x37ce9]


---------------  P R O C E S S  ---------------

Java Threads: ( => current thread )
  0x000000000b6f7000 JavaThread "Service Thread" daemon [_thread_blocked, id=6500, stack(0x000000000dcd0000,0x000000000ddd0000)]
  0x000000000b6f6000 JavaThread "C2 CompilerThread1" daemon [_thread_blocked, id=5704, stack(0x000000000cbc0000,0x000000000ccc0000)]
  0x000000000b6f2800 JavaThread "C2 CompilerThread0" daemon [_thread_blocked, id=2900, stack(0x000000000db20000,0x000000000dc20000)]
  0x000000000b6e2800 JavaThread "JDWP Command Reader" daemon [_thread_in_native, id=4780, stack(0x000000000d4a0000,0x000000000d5a0000)]
  0x000000000b6db800 JavaThread "JDWP Event Helper Thread" daemon [_thread_blocked, id=6896, stack(0x000000000d970000,0x000000000da70000)]
=>0x000000000b6cf800 JavaThread "JDWP Transport Listener: dt_socket" daemon [_thread_in_vm, id=8364, stack(0x000000000d780000,0x000000000d880000)]
  0x000000000b6c9800 JavaThread "Attach Listener" daemon [_thread_blocked, id=7060, stack(0x000000000cd90000,0x000000000ce90000)]
  0x000000000b6c2000 JavaThread "Signal Dispatcher" daemon [_thread_blocked, id=3720, stack(0x000000000cac0000,0x000000000cbc0000)]
  0x0000000001d97800 JavaThread "Finalizer" daemon [_thread_blocked, id=7716, stack(0x000000000c8e0000,0x000000000c9e0000)]
  0x0000000001d91000 JavaThread "Reference Handler" daemon [_thread_blocked, id=8032, stack(0x000000000c650000,0x000000000c750000)]
  0x000000000054d000 JavaThread "main" [_thread_blocked, id=7368, stack(0x0000000002270000,0x0000000002370000)]

Other Threads:
  0x000000000b643800 VMThread [stack: 0x000000000c750000,0x000000000c850000] [id=7316]
  0x000000000b713800 WatcherThread [stack: 0x000000000df90000,0x000000000e090000] [id=8348]

VM state:not at safepoint (normal execution)

VM Mutex/Monitor currently owned by a thread: None

Heap
 PSYoungGen      total 37696K, used 1292K [0x00000007d5eb0000, 0x00000007d88c0000, 0x0000000800000000)
  eden space 32320K, 4% used [0x00000007d5eb0000,0x00000007d5ff33b8,0x00000007d7e40000)
  from space 5376K, 0% used [0x00000007d8380000,0x00000007d8380000,0x00000007d88c0000)
  to   space 5376K, 0% used [0x00000007d7e40000,0x00000007d7e40000,0x00000007d8380000)
 ParOldGen       total 86208K, used 0K [0x0000000781c00000, 0x0000000787030000, 0x00000007d5eb0000)
  object space 86208K, 0% used [0x0000000781c00000,0x0000000781c00000,0x0000000787030000)
 PSPermGen       total 21248K, used 2646K [0x000000077ca00000, 0x000000077dec0000, 0x0000000781c00000)
  object space 21248K, 12% used [0x000000077ca00000,0x000000077cc959f8,0x000000077dec0000)

Card table byte_map: [0x0000000005530000,0x0000000005950000] byte_map_base: 0x000000000194b000

Polling page: 0x0000000000320000

Code Cache  [0x0000000002470000, 0x00000000026e0000, 0x0000000005470000)
 total_blobs=159 nmethods=0 adapters=134 free_code_cache=48776Kb largest_free_block=49946944

Compilation events (0 events):
No events

GC Heap History (0 events):
No events

Deoptimization events (0 events):
No events

Internal exceptions (3 events):
Event: 0.034 Thread 0x000000000054d000 Threw 0x00000007d5eb61b0 at C:\jdk7u2_64p\jdk7u25\hotspot\src\share\vm\prims\jni.cpp:3994
Event: 0.296 Thread 0x000000000054d000 Threw 0x00000007d5f03eb8 at C:\jdk7u2_64p\jdk7u25\hotspot\src\share\vm\prims\jvm.cpp:1235
Event: 0.299 Thread 0x000000000054d000 Threw 0x00000007d5f08b28 at C:\jdk7u2_64p\jdk7u25\hotspot\src\share\vm\prims\jvm.cpp:1235

Events (10 events):
Event: 57.904 Executing VM operation: ChangeBreakpoints
Event: 57.904 Executing VM operation: ChangeBreakpoints done
Event: 58.831 Executing VM operation: ChangeBreakpoints
Event: 58.831 Executing VM operation: ChangeBreakpoints done
Event: 59.487 loading class 0x0000000001ce1ef0
Event: 59.487 loading class 0x0000000001ce1cf0
Event: 59.487 loading class 0x0000000001ce1cf0 done
Event: 59.487 loading class 0x0000000001ce1ef0 done
Event: 59.570 Executing VM operation: GetOrSetLocal
Event: 59.570 Executing VM operation: GetOrSetLocal done


Dynamic libraries:
0x000000013ff90000 - 0x000000013ffc3000 	C:\Program Files\Java\jre7\bin\javaw.exe
0x00000000776d0000 - 0x0000000077878000 	C:\windows\SYSTEM32\ntdll.dll
0x00000000775b0000 - 0x00000000776cf000 	C:\windows\system32\kernel32.dll
0x000007fefd840000 - 0x000007fefd8ac000 	C:\windows\system32\KERNELBASE.dll
0x000007fefd8d0000 - 0x000007fefd9ab000 	C:\windows\system32\ADVAPI32.dll
0x000007feff120000 - 0x000007feff1bf000 	C:\windows\system32\msvcrt.dll
0x000007fefda50000 - 0x000007fefda6f000 	C:\windows\SYSTEM32\sechost.dll
0x000007fefeff0000 - 0x000007feff11d000 	C:\windows\system32\RPCRT4.dll
0x00000000774b0000 - 0x00000000775aa000 	C:\windows\system32\USER32.dll
0x000007fefe930000 - 0x000007fefe997000 	C:\windows\system32\GDI32.dll
0x000007fefeac0000 - 0x000007fefeace000 	C:\windows\system32\LPK.dll
0x000007feff1c0000 - 0x000007feff289000 	C:\windows\system32\USP10.dll
0x000007fefbe50000 - 0x000007fefc044000 	C:\windows\WinSxS\amd64_microsoft.windows.common-controls_6595b64144ccf1df_6.0.7601.17514_none_fa396087175ac9ac\COMCTL32.dll
0x000007fefe9a0000 - 0x000007fefea11000 	C:\windows\system32\SHLWAPI.dll
0x000007fefd9b0000 - 0x000007fefd9de000 	C:\windows\system32\IMM32.DLL
0x000007fefeaf0000 - 0x000007fefebf9000 	C:\windows\system32\MSCTF.dll
0x000000006d900000 - 0x000000006d9d1000 	C:\Program Files\Java\jre7\bin\msvcr100.dll
0x0000000064990000 - 0x000000006509f000 	C:\Program Files\Java\jre7\bin\server\jvm.dll
0x000007fefa0c0000 - 0x000007fefa0c9000 	C:\windows\system32\WSOCK32.dll
0x000007fefdb50000 - 0x000007fefdb9d000 	C:\windows\system32\WS2_32.dll
0x000007fefd9e0000 - 0x000007fefd9e8000 	C:\windows\system32\NSI.dll
0x000007fefa170000 - 0x000007fefa1ab000 	C:\windows\system32\WINMM.dll
0x00000000778a0000 - 0x00000000778a7000 	C:\windows\system32\PSAPI.DLL
0x000000006fcc0000 - 0x000000006fccf000 	C:\Program Files\Java\jre7\bin\verify.dll
0x000000006dcf0000 - 0x000000006dd18000 	C:\Program Files\Java\jre7\bin\java.dll
0x0000000053e80000 - 0x0000000053eb5000 	C:\Program Files\Java\jre7\bin\jdwp.dll
0x0000000054530000 - 0x0000000054538000 	C:\Program Files\Java\jre7\bin\npt.dll
0x000000006ee10000 - 0x000000006ee25000 	C:\Program Files\Java\jre7\bin\zip.dll
0x0000000054520000 - 0x0000000054529000 	C:\Program Files\Java\jre7\bin\dt_socket.dll
0x000007fef9d60000 - 0x000007fef9d75000 	C:\windows\system32\NLAapi.dll
0x000007fef74a0000 - 0x000007fef74b5000 	C:\windows\system32\napinsp.dll
0x000007fef74c0000 - 0x000007fef74d9000 	C:\windows\system32\pnrpnsp.dll
0x000007fefccf0000 - 0x000007fefcd45000 	C:\windows\System32\mswsock.dll
0x000007fefcb70000 - 0x000007fefcbcb000 	C:\windows\system32\DNSAPI.dll
0x000007fef7490000 - 0x000007fef749b000 	C:\windows\System32\winrnr.dll
0x000007fef7480000 - 0x000007fef7490000 	C:\windows\system32\wshbth.dll
0x0000000073860000 - 0x0000000073886000 	C:\Program Files\Bonjour\mdnsNSP.dll
0x000007fef99e0000 - 0x000007fef9a07000 	C:\windows\system32\Iphlpapi.DLL
0x000007fef99d0000 - 0x000007fef99db000 	C:\windows\system32\WINNSI.DLL
0x000007fef97f0000 - 0x000007fef9843000 	C:\windows\System32\fwpuclnt.dll
0x000007fef7b10000 - 0x000007fef7b18000 	C:\windows\system32\rasadhlp.dll
0x000007fefc6c0000 - 0x000007fefc6c7000 	C:\windows\System32\wshtcpip.dll
0x000007feef1f0000 - 0x000007feef315000 	C:\windows\system32\dbghelp.dll

VM Arguments:
jvm_args: -agentlib:jdwp=transport=dt_socket,suspend=y,address=localhost:56119 -Dfile.encoding=Cp1252 
java_command: com.absurd.programs.Runnable
Launcher Type: SUN_STANDARD

Environment Variables:
JAVA_HOME=C:\Software\Java7
PATH=C:\2013Rho\MotorolaRhoMobileSuite2.1.1.7\redis-2.4.0;C:\2013Rho\MotorolaRhoMobileSuite2.1.1.7\ruby\bin;C:\2013Rho\MotorolaRhoMobileSuite2.1.1.7\devkit\bin;C:\2013Rho\MotorolaRhoMobileSuite2.1.1.7\devkit\mingw\bin;C:\2013Rho\MotorolaRhoMobileSuite2.1.1.7\make-3.81\bin;C:\MotorolaRhoMobileSuite4.0.0\redis-2.4.0;C:\MotorolaRhoMobileSuite4.0.0\ruby\bin;C:\MotorolaRhoMobileSuite4.0.0\devkit\bin;C:\MotorolaRhoMobileSuite4.0.0\devkit\mingw\bin;C:\MotorolaRhoMobileSuite4.0.0\make-3.81\bin;C:\windows\system32;C:\windows;C:\windows\System32\Wbem;C:\windows\System32\WindowsPowerShell\v1.0\;C:\windows\System32\WindowsPowerShell\v1.0\;C:\Program Files\nodejs;C:\Program Files\Microsoft SQL Server\110\Tools\Binn\;C:\Software\Java6\jre\bin;C:\Program Files\TortoiseGit\bin;C:\Users\ADevadiga\AppData\Roaming\npm;C:\Program Files\nodejs;C:\Hackathon\gradle-2.0\bin
USERNAME=ADevadiga
OS=Windows_NT
PROCESSOR_IDENTIFIER=Intel64 Family 6 Model 58 Stepping 9, GenuineIntel



---------------  S Y S T E M  ---------------

OS: Windows 7 , 64 bit Build 7601 Service Pack 1

CPU:total 4 (2 cores per cpu, 2 threads per core) family 6 model 58 stepping 9, cmov, cx8, fxsr, mmx, sse, sse2, sse3, ssse3, sse4.1, sse4.2, popcnt, avx, ht, tsc, tscinvbit, tscinv

Memory: 4k page, physical 8269896k(870988k free), swap 16537940k(6201984k free)

vm_info: Java HotSpot(TM) 64-Bit Server VM (23.25-b01) for windows-amd64 JRE (1.7.0_25-b17), built on Jun 21 2013 12:58:32 by "java_re" with unknown MS VC++:1600

time: Mon Jun 22 16:31:30 2015
elapsed time: 59 seconds

